<?xml version="1.0" encoding="UTF-8"?>
<testsuite name="camunda.training.ericsson.nonarquillian.InMemoryH2Test" time="0.935" tests="2" errors="1" skipped="0" failures="0">
  <properties>
[...]
</properties>
  <testcase name="testParsingAndDeployment" classname="camunda.training.ericsson.nonarquillian.InMemoryH2Test" time="0.662"/>
  <testcase name="testHappyPath" classname="camunda.training.ericsson.nonarquillian.InMemoryH2Test" time="0.273">
    <error message="Index: 0, Size: 0" type="java.lang.IndexOutOfBoundsException">java.lang.IndexOutOfBoundsException: Index: 0, Size: 0
	at java.util.ArrayList.rangeCheck(ArrayList.java:653)
	at java.util.ArrayList.get(ArrayList.java:429)
	at camunda.training.ericsson.nonarquillian.InMemoryH2Test.testHappyPath(InMemoryH2Test.java:69)
</error>
    <system-out><![CDATA[11:30:33.643 [main] DEBUG org.camunda.bpm.engine.test - annotation @Deployment creates deployment for InMemoryH2Test.testHappyPath
11:30:33.807 [main] DEBUG org.camunda.bpm.engine.test - annotation @Deployment deletes deployment for InMemoryH2Test.testHappyPath
]]></system-out>
    <system-err><![CDATA[Apr 04, 2018 11:30:33 AM org.camunda.bpm.extension.process_test_coverage.junit.rules.TestCoverageProcessEngineRule failed
INFO: testHappyPath(camunda.training.ericsson.nonarquillian.InMemoryH2Test) failed.
Apr 04, 2018 11:30:33 AM org.camunda.bpm.extension.process_test_coverage.junit.rules.TestCoverageProcessEngineRule handleTestMethodCoverage
INFO: testHappyPath test method coverage is 0.23076923076923078
]]></system-err>
  </testcase>
</testsuite>